D:\ZJW\PACKAGE_JSON_CPP_VERSION\DEBUG\MERGE_BINARY_CPP_VERSION.EXE
D:\ZJW\PACKAGE_JSON_CPP_VERSION\DEBUG\MERGE_BINARY_CPP_VERSION.EXE.MANIFEST
D:\ZJW\PACKAGE_JSON_CPP_VERSION\DEBUG\MERGE_BINARY_CPP_VERSION.ILK
D:\ZJW\PACKAGE_JSON_CPP_VERSION\DEBUG\MERGE_BINARY_CPP_VERSION.PDB
D:\ZJW\PACKAGE_JSON_CPP_VERSION\PACKAGE_CPP_VERSION\DEBUG\ABC.OBJ
D:\ZJW\PACKAGE_JSON_CPP_VERSION\PACKAGE_CPP_VERSION\DEBUG\ARGOPT.OBJ
D:\ZJW\PACKAGE_JSON_CPP_VERSION\PACKAGE_CPP_VERSION\DEBUG\CJSON.OBJ
D:\zjw\package_json_cpp_version\package_cpp_version\Debug\cl.command.1.tlog
D:\zjw\package_json_cpp_version\package_cpp_version\Debug\CL.read.1.tlog
D:\zjw\package_json_cpp_version\package_cpp_version\Debug\CL.write.1.tlog
D:\ZJW\PACKAGE_JSON_CPP_VERSION\PACKAGE_CPP_VERSION\DEBUG\ENCRYPT.OBJ
D:\zjw\package_json_cpp_version\package_cpp_version\Debug\link.command.1.tlog
D:\zjw\package_json_cpp_version\package_cpp_version\Debug\link.read.1.tlog
D:\zjw\package_json_cpp_version\package_cpp_version\Debug\link.write.1.tlog
D:\ZJW\PACKAGE_JSON_CPP_VERSION\PACKAGE_CPP_VERSION\DEBUG\MERGE_BINARY_CPP_VERSION.EXE.INTERMEDIATE.MANIFEST
D:\ZJW\PACKAGE_JSON_CPP_VERSION\PACKAGE_CPP_VERSION\DEBUG\MERGE_BINARY_CPP_VERSION.PCH
D:\zjw\package_json_cpp_version\package_cpp_version\Debug\merge_binary_cpp_version.write.1.tlog
D:\zjw\package_json_cpp_version\package_cpp_version\Debug\mt.command.1.tlog
D:\zjw\package_json_cpp_version\package_cpp_version\Debug\mt.read.1.tlog
D:\zjw\package_json_cpp_version\package_cpp_version\Debug\mt.write.1.tlog
D:\ZJW\PACKAGE_JSON_CPP_VERSION\PACKAGE_CPP_VERSION\DEBUG\PACKAGE.OBJ
D:\ZJW\PACKAGE_JSON_CPP_VERSION\PACKAGE_CPP_VERSION\DEBUG\PACKAGE_CPP_VERSION.OBJ
D:\ZJW\PACKAGE_JSON_CPP_VERSION\PACKAGE_CPP_VERSION\DEBUG\PARSE_JSON.OBJ
D:\ZJW\PACKAGE_JSON_CPP_VERSION\PACKAGE_CPP_VERSION\DEBUG\STDAFX.OBJ
D:\zjw\package_json_cpp_version\package_cpp_version\Debug\vc100.idb
D:\ZJW\PACKAGE_JSON_CPP_VERSION\PACKAGE_CPP_VERSION\DEBUG\VC100.PDB
